2022-12-26 08:17:39,384 INFO - Stopping Scan It Service
2022-12-26 08:17:39,384 INFO - Closing Scan It Service
2022-12-26 08:17:39,653 INFO - Closing Scan It Service
2022-12-26 08:17:39,842 INFO - Opening Scan It Service
2022-12-26 08:17:40,063 INFO - Opening Scan It Service
2022-12-26 08:17:40,253 INFO - Starting Scan It Service
2022-12-26 08:17:40,650 INFO - Closing Scan It Service
2022-12-26 11:13:44,802 INFO - Opening Scan It Service
2022-12-26 11:13:44,867 INFO - Stopping Scan It Service
2022-12-26 11:13:44,867 INFO - Closing Scan It Service
2022-12-26 11:13:45,133 INFO - Closing Scan It Service
2022-12-26 11:13:45,336 INFO - Opening Scan It Service
2022-12-26 11:13:45,561 INFO - Opening Scan It Service
2022-12-26 11:13:45,776 INFO - Starting Scan It Service
2022-12-26 11:13:46,141 INFO - Closing Scan It Service
2022-12-26 11:17:31,295 INFO - Opening Scan It Service
2022-12-26 11:17:31,345 INFO - Stopping Scan It Service
2022-12-26 11:17:31,345 INFO - Closing Scan It Service
2022-12-26 11:17:31,610 INFO - Closing Scan It Service
2022-12-26 11:17:31,811 INFO - Opening Scan It Service
2022-12-26 11:17:32,038 INFO - Opening Scan It Service
2022-12-26 11:17:32,198 INFO - Starting Scan It Service
2022-12-26 11:17:32,628 INFO - Closing Scan It Service
2022-12-26 11:17:45,243 INFO - Opening Scan It Service
2022-12-26 11:17:45,290 INFO - Stopping Scan It Service
2022-12-26 11:17:45,290 INFO - Closing Scan It Service
2022-12-26 11:17:45,566 INFO - Closing Scan It Service
2022-12-26 11:17:45,756 INFO - Opening Scan It Service
2022-12-26 11:17:45,981 INFO - Opening Scan It Service
2022-12-26 11:17:46,066 INFO - Starting Scan It Service
2022-12-26 11:17:46,576 INFO - Closing Scan It Service
2022-12-26 11:18:10,803 INFO - Opening Scan It Service
2022-12-26 11:18:10,856 INFO - Stopping Scan It Service
2022-12-26 11:18:10,858 INFO - Closing Scan It Service
2022-12-26 11:18:11,110 INFO - Closing Scan It Service
2022-12-26 11:18:11,302 INFO - Opening Scan It Service
2022-12-26 11:18:11,516 INFO - Opening Scan It Service
2022-12-26 11:18:11,596 INFO - Starting Scan It Service
2022-12-26 11:18:12,106 INFO - Closing Scan It Service
2022-12-26 11:19:16,318 INFO - Opening Scan It Service
2022-12-26 11:19:16,378 INFO - Stopping Scan It Service
2022-12-26 11:19:16,380 INFO - Closing Scan It Service
2022-12-26 11:19:16,628 INFO - Closing Scan It Service
2022-12-26 11:19:16,824 INFO - Opening Scan It Service
2022-12-26 11:19:17,044 INFO - Opening Scan It Service
2022-12-26 11:19:17,195 INFO - Starting Scan It Service
2022-12-26 11:19:17,635 INFO - Closing Scan It Service
2022-12-26 11:42:46,044 INFO - Opening Scan It Service
2022-12-26 11:42:46,102 INFO - Stopping Scan It Service
2022-12-26 11:42:46,104 INFO - Closing Scan It Service
2022-12-26 11:42:46,364 INFO - Closing Scan It Service
2022-12-26 11:42:46,571 INFO - Opening Scan It Service
2022-12-26 11:42:46,801 INFO - Opening Scan It Service
2022-12-26 11:42:46,891 INFO - Starting Scan It Service
2022-12-26 11:42:47,385 INFO - Closing Scan It Service
2022-12-26 11:45:15,220 INFO - Opening Scan It Service
2022-12-26 11:45:15,289 INFO - Stopping Scan It Service
2022-12-26 11:45:15,292 INFO - Closing Scan It Service
2022-12-26 11:45:15,542 INFO - Closing Scan It Service
2022-12-26 11:45:15,811 INFO - Opening Scan It Service
2022-12-26 11:45:16,086 INFO - Opening Scan It Service
2022-12-26 11:45:16,166 INFO - Starting Scan It Service
2022-12-26 11:45:16,574 INFO - Closing Scan It Service
2022-12-26 11:45:26,243 INFO - Closing Scan It Service
2022-12-26 11:45:36,987 INFO - Opening Scan It Service
2022-12-26 11:45:37,049 INFO - Closing Scan It Service
2022-12-26 11:45:37,224 INFO - Opening Scan It Service
2022-12-26 11:45:37,444 INFO - Opening Scan It Service
2022-12-26 11:45:37,527 INFO - Starting Scan It Service
2022-12-26 11:45:37,893 INFO - Closing Scan It Service
2022-12-26 11:45:47,720 INFO - Closing Scan It Service
2022-12-26 11:46:33,601 INFO - Opening Scan It Service
2022-12-26 11:46:33,648 INFO - Closing Scan It Service
2022-12-26 11:46:33,837 INFO - Opening Scan It Service
2022-12-26 11:46:34,043 INFO - Opening Scan It Service
2022-12-26 11:46:34,140 INFO - Starting Scan It Service
2022-12-26 11:46:34,643 INFO - Closing Scan It Service
2022-12-26 11:49:35,303 INFO - Opening Scan It Service
2022-12-26 11:49:35,365 INFO - Stopping Scan It Service
2022-12-26 11:49:35,365 INFO - Closing Scan It Service
2022-12-26 11:49:35,618 INFO - Closing Scan It Service
2022-12-26 11:49:35,808 INFO - Opening Scan It Service
2022-12-26 11:49:36,027 INFO - Opening Scan It Service
2022-12-26 11:49:36,177 INFO - Starting Scan It Service
2022-12-26 11:49:36,613 INFO - Closing Scan It Service
2022-12-26 11:52:32,488 ERROR - Pipe is broken.
System.IO.IOException: Pipe is broken.
   at System.IO.Pipes.PipeStream.WinIOError(Int32 errorCode)
   at System.IO.Pipes.PipeStream.WriteCore(Byte[] buffer, Int32 offset, Int32 count)
   at System.IO.Pipes.PipeStream.Write(Byte[] buffer, Int32 offset, Int32 count)
   at System.IO.StreamWriter.Flush(Boolean flushStream, Boolean flushEncoder)
   at System.IO.StreamWriter.Flush()
   at ScanItService.ScannerModule.<>c.<.ctor>b__0_8(Object _)
2022-12-26 11:59:14,242 ERROR - DG DAT MSG out of expected sequence.
Saraff.Twain.TwainException: DG DAT MSG out of expected sequence.
   at Saraff.Twain.Twain32.OpenDataSource()
   at ScanItService.TwainScanner.deviceOnline(Twain32 twain32)
   at ScanItService.ScannerModule.<.ctor>b__0_4(Object _)
2022-12-26 12:00:54,424 INFO - Opening Scan It Service
2022-12-26 12:00:54,471 INFO - Closing Scan It Service
2022-12-26 12:00:54,661 INFO - Opening Scan It Service
2022-12-26 12:00:54,882 INFO - Opening Scan It Service
2022-12-26 12:00:54,962 INFO - Starting Scan It Service
2022-12-26 12:00:55,481 INFO - Closing Scan It Service
2022-12-26 12:44:17,483 INFO - Opening Scan It Service
2022-12-26 12:44:17,549 INFO - Stopping Scan It Service
2022-12-26 12:44:17,551 INFO - Closing Scan It Service
2022-12-26 12:44:17,806 INFO - Closing Scan It Service
2022-12-26 12:44:17,993 INFO - Opening Scan It Service
2022-12-26 12:44:18,227 INFO - Opening Scan It Service
2022-12-26 12:44:18,398 INFO - Starting Scan It Service
2022-12-26 12:44:18,823 INFO - Closing Scan It Service
2022-12-26 13:07:45,312 INFO - Opening Scan It Service
2022-12-26 13:07:45,366 INFO - Stopping Scan It Service
2022-12-26 13:07:45,368 INFO - Closing Scan It Service
2022-12-26 13:07:45,628 INFO - Closing Scan It Service
2022-12-26 13:07:45,838 INFO - Opening Scan It Service
2022-12-26 13:07:46,058 INFO - Opening Scan It Service
2022-12-26 13:07:46,138 INFO - Starting Scan It Service
2022-12-26 13:07:46,644 INFO - Closing Scan It Service
2022-12-26 13:08:02,981 INFO - Opening Scan It Service
2022-12-26 13:08:03,044 INFO - Stopping Scan It Service
2022-12-26 13:08:03,044 INFO - Closing Scan It Service
2022-12-26 13:08:03,314 INFO - Closing Scan It Service
2022-12-26 13:08:03,493 INFO - Opening Scan It Service
2022-12-26 13:08:03,724 INFO - Opening Scan It Service
2022-12-26 13:08:03,813 INFO - Starting Scan It Service
2022-12-26 13:08:04,324 INFO - Closing Scan It Service
2022-12-26 13:08:59,970 INFO - Opening Scan It Service
2022-12-26 13:09:00,023 INFO - Stopping Scan It Service
2022-12-26 13:09:00,025 INFO - Closing Scan It Service
2022-12-26 13:09:00,277 INFO - Closing Scan It Service
2022-12-26 13:09:00,484 INFO - Opening Scan It Service
2022-12-26 13:09:00,724 INFO - Opening Scan It Service
2022-12-26 13:09:00,805 INFO - Starting Scan It Service
2022-12-26 13:09:01,325 INFO - Closing Scan It Service
2022-12-26 13:10:39,936 INFO - Opening Scan It Service
2022-12-26 13:10:39,991 INFO - Stopping Scan It Service
2022-12-26 13:10:39,993 INFO - Closing Scan It Service
2022-12-26 13:10:40,244 INFO - Closing Scan It Service
2022-12-26 13:10:40,443 INFO - Opening Scan It Service
2022-12-26 13:10:40,668 INFO - Opening Scan It Service
2022-12-26 13:10:40,818 INFO - Starting Scan It Service
2022-12-26 13:10:41,253 INFO - Closing Scan It Service
2022-12-26 13:14:44,346 INFO - Opening Scan It Service
2022-12-26 13:14:44,393 INFO - Stopping Scan It Service
2022-12-26 13:14:44,393 INFO - Closing Scan It Service
2022-12-26 13:14:44,663 INFO - Closing Scan It Service
2022-12-26 13:14:44,853 INFO - Opening Scan It Service
2022-12-26 13:14:45,073 INFO - Opening Scan It Service
2022-12-26 13:14:45,153 INFO - Starting Scan It Service
2022-12-26 13:14:45,668 INFO - Closing Scan It Service
2022-12-26 13:48:01,491 INFO - Opening Scan It Service
2022-12-26 13:48:01,573 INFO - Stopping Scan It Service
2022-12-26 13:48:01,573 INFO - Closing Scan It Service
2022-12-26 13:48:01,841 INFO - Closing Scan It Service
2022-12-26 13:48:58,284 INFO - Opening Scan It Service
2022-12-26 13:48:58,330 INFO - Closing Scan It Service
2022-12-26 13:49:04,861 INFO - Opening Scan It Service
2022-12-26 13:49:05,084 INFO - Opening Scan It Service
2022-12-26 13:49:05,305 INFO - Starting Scan It Service
2022-12-26 13:49:10,702 INFO - Closing Scan It Service
2022-12-26 13:49:36,837 INFO - Opening Scan It Service
2022-12-26 13:49:36,884 INFO - Stopping Scan It Service
2022-12-26 13:49:36,884 INFO - Closing Scan It Service
2022-12-26 13:49:37,153 INFO - Closing Scan It Service
2022-12-26 13:49:59,364 INFO - Opening Scan It Service
2022-12-26 13:49:59,585 INFO - Opening Scan It Service
2022-12-26 13:49:59,744 INFO - Starting Scan It Service
2022-12-26 13:50:00,170 INFO - Closing Scan It Service
2022-12-26 16:07:28,036 INFO - Opening Scan It Service
2022-12-26 16:07:28,099 INFO - Stopping Scan It Service
2022-12-26 16:07:28,099 INFO - Closing Scan It Service
2022-12-26 16:07:28,357 INFO - Closing Scan It Service
2022-12-26 16:07:43,387 INFO - Opening Scan It Service
2022-12-26 16:07:43,621 INFO - Opening Scan It Service
2022-12-26 16:07:43,793 INFO - Starting Scan It Service
2022-12-26 16:07:44,213 INFO - Closing Scan It Service
2022-12-26 16:08:27,417 INFO - Opening Scan It Service
2022-12-26 16:08:27,472 INFO - Stopping Scan It Service
2022-12-26 16:08:27,472 INFO - Closing Scan It Service
2022-12-26 16:08:27,736 INFO - Closing Scan It Service
2022-12-26 16:08:30,331 INFO - Opening Scan It Service
2022-12-26 16:08:30,545 INFO - Opening Scan It Service
2022-12-26 16:08:30,623 INFO - Starting Scan It Service
2022-12-26 16:08:31,141 INFO - Closing Scan It Service
2022-12-26 16:12:46,928 INFO - Opening Scan It Service
2022-12-26 16:12:46,975 INFO - Stopping Scan It Service
2022-12-26 16:12:46,991 INFO - Closing Scan It Service
2022-12-26 16:12:47,248 INFO - Closing Scan It Service
2022-12-26 16:12:49,622 INFO - Opening Scan It Service
2022-12-26 16:12:49,847 INFO - Opening Scan It Service
2022-12-26 16:12:49,930 INFO - Starting Scan It Service
2022-12-26 16:12:50,429 INFO - Closing Scan It Service
2022-12-26 16:43:18,606 INFO - Opening Scan It Service
2022-12-26 16:43:18,656 INFO - Stopping Scan It Service
2022-12-26 16:43:18,666 INFO - Closing Scan It Service
2022-12-26 16:43:18,925 INFO - Closing Scan It Service
2022-12-26 16:43:27,780 INFO - Opening Scan It Service
2022-12-26 16:43:28,008 INFO - Opening Scan It Service
2022-12-26 16:43:28,093 INFO - Starting Scan It Service
2022-12-26 16:43:28,598 INFO - Closing Scan It Service
